<?xml version="1.0" encoding="UTF-8"?>
<robot generator="Robot 3.2.2 (Python 3.8.5 on win32)" generated="20201127 12:59:15.328" rpa="false">
<suite id="s1" name="Open Browser" source="C:\Users\Sandeep Gangu\PycharmProjects\ROBOT\Open_Browser.robot">
<test id="s1-t1" name="Open BW">
<kw name="Open Browser" library="SeleniumLibrary">
<doc>Opens a new browser instance to the optional ``url``.</doc>
<arguments>
<arg>https://google.com</arg>
<arg>Chrome</arg>
</arguments>
<msg timestamp="20201127 12:59:17.609" level="INFO">Opening browser 'Chrome' to base url 'https://google.com'.</msg>
<status status="PASS" starttime="20201127 12:59:17.609" endtime="20201127 12:59:32.125"></status>
</kw>
<kw name="Title Should Be" library="SeleniumLibrary">
<doc>Verifies that the current page title equals ``title``.</doc>
<arguments>
<arg>Google</arg>
</arguments>
<msg timestamp="20201127 12:59:32.133" level="INFO">Page title is 'Google'.</msg>
<status status="PASS" starttime="20201127 12:59:32.126" endtime="20201127 12:59:32.134"></status>
</kw>
<status status="PASS" starttime="20201127 12:59:17.608" endtime="20201127 12:59:32.136" critical="yes"></status>
</test>
<doc>Browser Open</doc>
<status status="PASS" starttime="20201127 12:59:15.341" endtime="20201127 12:59:32.138"></status>
</suite>
<statistics>
<total>
<stat pass="1" fail="0">Critical Tests</stat>
<stat pass="1" fail="0">All Tests</stat>
</total>
<tag>
</tag>
<suite>
<stat pass="1" fail="0" id="s1" name="Open Browser">Open Browser</stat>
</suite>
</statistics>
<errors>
</errors>
</robot>
